<?xml version="1.0" encoding="UTF-8"?>
<testsuite xmlns:xsi="http://www.w3.org/2001/XMLSchema-instance" xsi:noNamespaceSchemaLocation="https://maven.apache.org/surefire/maven-surefire-plugin/xsd/surefire-test-report-3.0.xsd" version="3.0" name="chessbackend.BitboardTest" time="0.06" tests="1" errors="0" skipped="0" failures="0">
  <properties>
    <property name="java.specification.version" value="22"/>
    <property name="sun.cpu.isalist" value="amd64"/>
    <property name="sun.jnu.encoding" value="Cp1252"/>
    <property name="java.class.path" value="C:\Users\lause\OneDrive\Skrivebord\Startside\Kode\chess-assignment\chess-engine\target\test-classes;C:\Users\lause\OneDrive\Skrivebord\Startside\Kode\chess-assignment\chess-engine\target\classes;C:\Users\lause\.m2\repository\org\slf4j\slf4j-simple\2.0.0-alpha0\slf4j-simple-2.0.0-alpha0.jar;C:\Users\lause\.m2\repository\org\slf4j\slf4j-api\2.0.0-alpha0\slf4j-api-2.0.0-alpha0.jar;C:\Users\lause\.m2\repository\org\projectlombok\lombok\edge-SNAPSHOT\lombok-edge-SNAPSHOT.jar;C:\Users\lause\.m2\repository\io\rsocket\rsocket-core\1.1.4\rsocket-core-1.1.4.jar;C:\Users\lause\.m2\repository\io\netty\netty-buffer\4.1.93.Final\netty-buffer-4.1.93.Final.jar;C:\Users\lause\.m2\repository\io\netty\netty-common\4.1.93.Final\netty-common-4.1.93.Final.jar;C:\Users\lause\.m2\repository\io\projectreactor\reactor-core\3.4.29\reactor-core-3.4.29.jar;C:\Users\lause\.m2\repository\org\reactivestreams\reactive-streams\1.0.4\reactive-streams-1.0.4.jar;C:\Users\lause\.m2\repository\io\rsocket\rsocket-transport-netty\1.1.4\rsocket-transport-netty-1.1.4.jar;C:\Users\lause\.m2\repository\io\projectreactor\netty\reactor-netty-core\1.0.32\reactor-netty-core-1.0.32.jar;C:\Users\lause\.m2\repository\io\netty\netty-handler\4.1.92.Final\netty-handler-4.1.92.Final.jar;C:\Users\lause\.m2\repository\io\netty\netty-resolver\4.1.92.Final\netty-resolver-4.1.92.Final.jar;C:\Users\lause\.m2\repository\io\netty\netty-transport\4.1.92.Final\netty-transport-4.1.92.Final.jar;C:\Users\lause\.m2\repository\io\netty\netty-transport-native-unix-common\4.1.92.Final\netty-transport-native-unix-common-4.1.92.Final.jar;C:\Users\lause\.m2\repository\io\netty\netty-codec\4.1.92.Final\netty-codec-4.1.92.Final.jar;C:\Users\lause\.m2\repository\io\netty\netty-handler-proxy\4.1.92.Final\netty-handler-proxy-4.1.92.Final.jar;C:\Users\lause\.m2\repository\io\netty\netty-codec-socks\4.1.92.Final\netty-codec-socks-4.1.92.Final.jar;C:\Users\lause\.m2\repository\io\netty\netty-resolver-dns\4.1.92.Final\netty-resolver-dns-4.1.92.Final.jar;C:\Users\lause\.m2\repository\io\netty\netty-codec-dns\4.1.92.Final\netty-codec-dns-4.1.92.Final.jar;C:\Users\lause\.m2\repository\io\netty\netty-resolver-dns-native-macos\4.1.92.Final\netty-resolver-dns-native-macos-4.1.92.Final-osx-x86_64.jar;C:\Users\lause\.m2\repository\io\netty\netty-resolver-dns-classes-macos\4.1.92.Final\netty-resolver-dns-classes-macos-4.1.92.Final.jar;C:\Users\lause\.m2\repository\io\netty\netty-transport-native-epoll\4.1.92.Final\netty-transport-native-epoll-4.1.92.Final-linux-x86_64.jar;C:\Users\lause\.m2\repository\io\netty\netty-transport-classes-epoll\4.1.92.Final\netty-transport-classes-epoll-4.1.92.Final.jar;C:\Users\lause\.m2\repository\io\projectreactor\netty\reactor-netty-http\1.0.32\reactor-netty-http-1.0.32.jar;C:\Users\lause\.m2\repository\io\netty\netty-codec-http\4.1.92.Final\netty-codec-http-4.1.92.Final.jar;C:\Users\lause\.m2\repository\io\netty\netty-codec-http2\4.1.92.Final\netty-codec-http2-4.1.92.Final.jar;C:\Users\lause\.m2\repository\junit\junit\4.13.2\junit-4.13.2.jar;C:\Users\lause\.m2\repository\org\hamcrest\hamcrest-core\1.3\hamcrest-core-1.3.jar;C:\Users\lause\.m2\repository\org\junit\jupiter\junit-jupiter\5.11.0-M1\junit-jupiter-5.11.0-M1.jar;C:\Users\lause\.m2\repository\org\junit\jupiter\junit-jupiter-api\5.11.0-M1\junit-jupiter-api-5.11.0-M1.jar;C:\Users\lause\.m2\repository\org\opentest4j\opentest4j\1.3.0\opentest4j-1.3.0.jar;C:\Users\lause\.m2\repository\org\junit\platform\junit-platform-commons\1.11.0-M1\junit-platform-commons-1.11.0-M1.jar;C:\Users\lause\.m2\repository\org\apiguardian\apiguardian-api\1.1.2\apiguardian-api-1.1.2.jar;C:\Users\lause\.m2\repository\org\junit\jupiter\junit-jupiter-params\5.11.0-M1\junit-jupiter-params-5.11.0-M1.jar;C:\Users\lause\.m2\repository\org\junit\jupiter\junit-jupiter-engine\5.11.0-M1\junit-jupiter-engine-5.11.0-M1.jar;C:\Users\lause\.m2\repository\org\junit\platform\junit-platform-engine\1.11.0-M1\junit-platform-engine-1.11.0-M1.jar;"/>
    <property name="java.vm.vendor" value="Oracle Corporation"/>
    <property name="sun.arch.data.model" value="64"/>
    <property name="user.variant" value=""/>
    <property name="java.vendor.url" value="https://java.oracle.com/"/>
    <property name="user.timezone" value="Europe/Copenhagen"/>
    <property name="os.name" value="Windows 11"/>
    <property name="java.vm.specification.version" value="22"/>
    <property name="sun.java.launcher" value="SUN_STANDARD"/>
    <property name="user.country" value="DK"/>
    <property name="sun.boot.library.path" value="C:\Users\lause\.jdks\openjdk-22.0.1\bin"/>
    <property name="sun.java.command" value="C:\Users\lause\AppData\Local\Temp\surefire3885461298371633984\surefirebooter-20240428114441783_3.jar C:\Users\lause\AppData\Local\Temp\surefire3885461298371633984 2024-04-28T11-44-39_417-jvmRun1 surefire-20240428114441783_1tmp surefire_0-20240428114441783_2tmp"/>
    <property name="jdk.debug" value="release"/>
    <property name="surefire.test.class.path" value="C:\Users\lause\OneDrive\Skrivebord\Startside\Kode\chess-assignment\chess-engine\target\test-classes;C:\Users\lause\OneDrive\Skrivebord\Startside\Kode\chess-assignment\chess-engine\target\classes;C:\Users\lause\.m2\repository\org\slf4j\slf4j-simple\2.0.0-alpha0\slf4j-simple-2.0.0-alpha0.jar;C:\Users\lause\.m2\repository\org\slf4j\slf4j-api\2.0.0-alpha0\slf4j-api-2.0.0-alpha0.jar;C:\Users\lause\.m2\repository\org\projectlombok\lombok\edge-SNAPSHOT\lombok-edge-SNAPSHOT.jar;C:\Users\lause\.m2\repository\io\rsocket\rsocket-core\1.1.4\rsocket-core-1.1.4.jar;C:\Users\lause\.m2\repository\io\netty\netty-buffer\4.1.93.Final\netty-buffer-4.1.93.Final.jar;C:\Users\lause\.m2\repository\io\netty\netty-common\4.1.93.Final\netty-common-4.1.93.Final.jar;C:\Users\lause\.m2\repository\io\projectreactor\reactor-core\3.4.29\reactor-core-3.4.29.jar;C:\Users\lause\.m2\repository\org\reactivestreams\reactive-streams\1.0.4\reactive-streams-1.0.4.jar;C:\Users\lause\.m2\repository\io\rsocket\rsocket-transport-netty\1.1.4\rsocket-transport-netty-1.1.4.jar;C:\Users\lause\.m2\repository\io\projectreactor\netty\reactor-netty-core\1.0.32\reactor-netty-core-1.0.32.jar;C:\Users\lause\.m2\repository\io\netty\netty-handler\4.1.92.Final\netty-handler-4.1.92.Final.jar;C:\Users\lause\.m2\repository\io\netty\netty-resolver\4.1.92.Final\netty-resolver-4.1.92.Final.jar;C:\Users\lause\.m2\repository\io\netty\netty-transport\4.1.92.Final\netty-transport-4.1.92.Final.jar;C:\Users\lause\.m2\repository\io\netty\netty-transport-native-unix-common\4.1.92.Final\netty-transport-native-unix-common-4.1.92.Final.jar;C:\Users\lause\.m2\repository\io\netty\netty-codec\4.1.92.Final\netty-codec-4.1.92.Final.jar;C:\Users\lause\.m2\repository\io\netty\netty-handler-proxy\4.1.92.Final\netty-handler-proxy-4.1.92.Final.jar;C:\Users\lause\.m2\repository\io\netty\netty-codec-socks\4.1.92.Final\netty-codec-socks-4.1.92.Final.jar;C:\Users\lause\.m2\repository\io\netty\netty-resolver-dns\4.1.92.Final\netty-resolver-dns-4.1.92.Final.jar;C:\Users\lause\.m2\repository\io\netty\netty-codec-dns\4.1.92.Final\netty-codec-dns-4.1.92.Final.jar;C:\Users\lause\.m2\repository\io\netty\netty-resolver-dns-native-macos\4.1.92.Final\netty-resolver-dns-native-macos-4.1.92.Final-osx-x86_64.jar;C:\Users\lause\.m2\repository\io\netty\netty-resolver-dns-classes-macos\4.1.92.Final\netty-resolver-dns-classes-macos-4.1.92.Final.jar;C:\Users\lause\.m2\repository\io\netty\netty-transport-native-epoll\4.1.92.Final\netty-transport-native-epoll-4.1.92.Final-linux-x86_64.jar;C:\Users\lause\.m2\repository\io\netty\netty-transport-classes-epoll\4.1.92.Final\netty-transport-classes-epoll-4.1.92.Final.jar;C:\Users\lause\.m2\repository\io\projectreactor\netty\reactor-netty-http\1.0.32\reactor-netty-http-1.0.32.jar;C:\Users\lause\.m2\repository\io\netty\netty-codec-http\4.1.92.Final\netty-codec-http-4.1.92.Final.jar;C:\Users\lause\.m2\repository\io\netty\netty-codec-http2\4.1.92.Final\netty-codec-http2-4.1.92.Final.jar;C:\Users\lause\.m2\repository\junit\junit\4.13.2\junit-4.13.2.jar;C:\Users\lause\.m2\repository\org\hamcrest\hamcrest-core\1.3\hamcrest-core-1.3.jar;C:\Users\lause\.m2\repository\org\junit\jupiter\junit-jupiter\5.11.0-M1\junit-jupiter-5.11.0-M1.jar;C:\Users\lause\.m2\repository\org\junit\jupiter\junit-jupiter-api\5.11.0-M1\junit-jupiter-api-5.11.0-M1.jar;C:\Users\lause\.m2\repository\org\opentest4j\opentest4j\1.3.0\opentest4j-1.3.0.jar;C:\Users\lause\.m2\repository\org\junit\platform\junit-platform-commons\1.11.0-M1\junit-platform-commons-1.11.0-M1.jar;C:\Users\lause\.m2\repository\org\apiguardian\apiguardian-api\1.1.2\apiguardian-api-1.1.2.jar;C:\Users\lause\.m2\repository\org\junit\jupiter\junit-jupiter-params\5.11.0-M1\junit-jupiter-params-5.11.0-M1.jar;C:\Users\lause\.m2\repository\org\junit\jupiter\junit-jupiter-engine\5.11.0-M1\junit-jupiter-engine-5.11.0-M1.jar;C:\Users\lause\.m2\repository\org\junit\platform\junit-platform-engine\1.11.0-M1\junit-platform-engine-1.11.0-M1.jar;"/>
    <property name="sun.cpu.endian" value="little"/>
    <property name="user.home" value="C:\Users\lause"/>
    <property name="user.language" value="da"/>
    <property name="java.specification.vendor" value="Oracle Corporation"/>
    <property name="java.version.date" value="2024-04-16"/>
    <property name="java.home" value="C:\Users\lause\.jdks\openjdk-22.0.1"/>
    <property name="file.separator" value="\"/>
    <property name="basedir" value="C:\Users\lause\OneDrive\Skrivebord\Startside\Kode\chess-assignment\chess-engine"/>
    <property name="java.vm.compressedOopsMode" value="Zero based"/>
    <property name="line.separator" value="&#10;"/>
    <property name="java.vm.specification.vendor" value="Oracle Corporation"/>
    <property name="java.specification.name" value="Java Platform API Specification"/>
    <property name="surefire.real.class.path" value="C:\Users\lause\AppData\Local\Temp\surefire3885461298371633984\surefirebooter-20240428114441783_3.jar"/>
    <property name="user.script" value=""/>
    <property name="sun.management.compiler" value="HotSpot 64-Bit Tiered Compilers"/>
    <property name="java.runtime.version" value="22.0.1+8-16"/>
    <property name="user.name" value="lause"/>
    <property name="stdout.encoding" value="Cp1252"/>
    <property name="path.separator" value=";"/>
    <property name="os.version" value="10.0"/>
    <property name="java.runtime.name" value="OpenJDK Runtime Environment"/>
    <property name="file.encoding" value="UTF-8"/>
    <property name="java.vm.name" value="OpenJDK 64-Bit Server VM"/>
    <property name="localRepository" value="C:\Users\lause\.m2\repository"/>
    <property name="java.vendor.url.bug" value="https://bugreport.java.com/bugreport/"/>
    <property name="java.io.tmpdir" value="C:\Users\lause\AppData\Local\Temp\"/>
    <property name="idea.version" value="2023.3.5"/>
    <property name="java.version" value="22.0.1"/>
    <property name="user.dir" value="C:\Users\lause\OneDrive\Skrivebord\Startside\Kode\chess-assignment\chess-engine"/>
    <property name="os.arch" value="amd64"/>
    <property name="java.vm.specification.name" value="Java Virtual Machine Specification"/>
    <property name="sun.os.patch.level" value=""/>
    <property name="native.encoding" value="Cp1252"/>
    <property name="java.library.path" value="C:\Users\lause\.jdks\openjdk-22.0.1\bin;C:\windows\Sun\Java\bin;C:\windows\system32;C:\windows;C:\Program Files\Common Files\Oracle\Java\javapath;C:\windows\system32;C:\windows;C:\windows\System32\Wbem;C:\windows\System32\WindowsPowerShell\v1.0\;C:\windows\System32\OpenSSH\;C:\Program Files (x86)\NVIDIA Corporation\PhysX\Common;C:\Program Files\NVIDIA Corporation\NVIDIA NvDLISR;C:\Users\Administrator\AppData\Local\Microsoft\WindowsApps;C:\Program Files\HP\OMEN-Broadcast\Common;C:\Program Files\Git\cmd;C:\Program Files\nodejs\;C:\ProgramData\chocolatey\bin;C:\ProgramData\chocolatey\lib\maven\apache-maven-3.9.6\bin;;C:\Program Files\Docker\Docker\resources\bin;C:\Users\lause\AppData\Local\pnpm;C:\Users\lause\scoop\shims;C:\windows\system32;C:\windows;C:\windows\System32\Wbem;C:\windows\System32\WindowsPowerShell\v1.0\;C:\windows\System32\OpenSSH\;C:\Program Files (x86)\NVIDIA Corporation\PhysX\Common;C:\Program Files\NVIDIA Corporation\NVIDIA NvDLISR;C:\Users\Administrator\AppData\Local\Microsoft\WindowsApps;C:\Program Files\HP\OMEN-Broadcast\Common;C:\Program Files\Git\cmd;C:\Program Files\nodejs\;C:\Program Files\Docker\Docker\resources\bin;C:\Program Files\MySQL\MySQL Shell 8.0\bin\;C:\Users\lause\AppData\Local\Microsoft\WindowsApps;;C:\Users\lause\AppData\Local\Programs\Microsoft VS Code\bin;C:\Users\lause\AppData\Roaming\npm;C:\Users\lause\AppData\Roaming\devspace;C:\Users\lause\.bun\bin;."/>
    <property name="java.vm.info" value="mixed mode, sharing"/>
    <property name="stderr.encoding" value="Cp1252"/>
    <property name="java.vendor" value="Oracle Corporation"/>
    <property name="java.vm.version" value="22.0.1+8-16"/>
    <property name="sun.io.unicode.encoding" value="UnicodeLittle"/>
    <property name="java.class.version" value="66.0"/>
  </properties>
  <testcase name="testReadFENString" classname="chessbackend.BitboardTest" time="0.034">
    <system-out><![CDATA[/**
     * The initialization of the boards ensures each position of
     *       A    B    C    D    E    F    G    H
     *    +----+----+----+----+----+----+----+----+
     *  8 | 56 | 57 | 58 | 59 | 60 | 61 | 62 | 63 |  8th rank
     *    +----+----+----+----+----+----+----+----+
     *  7 | 48 | 49 | 50 | 51 | 52 | 53 | 54 | 55 |  7th rank
     *    +----+----+----+----+----+----+----+----+
     *  6 | 40 | 41 | 42 | 43 | 44 | 45 | 46 | 47 |  6th rank
     *    +----+----+----+----+----+----+----+----+
     *  5 | 32 | 33 | 34 | 35 | 36 | 37 | 38 | 39 |  5th rank
     *    +----+----+----+----+----+----+----+----+
     *  4 | 24 | 25 | 26 | 27 | 28 | 29 | 30 | 31 |  4th rank
     *    +----+----+----+----+----+----+----+----+
     *  3 | 16 | 17 | 18 | 19 | 20 | 21 | 22 | 23 |  3rd rank
     *    +----+----+----+----+----+----+----+----+
     *  2 |  8 |  9 | 10 | 11 | 12 | 13 | 14 | 15 |  2nd rank
     *    +----+----+----+----+----+----+----+----+
     *  1 |  0 |  1 |  2 |  3 |  4 |  5 |  6 |  7 |  1st rank
     *    +----+----+----+----+----+----+----+----+
     *       A    B    C    D    E    F    G    H - file(s)
     * */

Initial Board!
     A    B    C    D    E    F    G    H
  +----+----+----+----+----+----+----+----+
8 |  r |  n |  b |  q |  k |  b |  n |  r |  8th rank
  +----+----+----+----+----+----+----+----+
7 |  p |  p |  p |  p |  p |  p |  p |  p |  7th rank
  +----+----+----+----+----+----+----+----+
6 |    |    |    |    |    |    |    |    |  6th rank
  +----+----+----+----+----+----+----+----+
5 |    |    |    |    |    |    |    |    |  5th rank
  +----+----+----+----+----+----+----+----+
4 |    |    |    |    |    |    |    |    |  4th rank
  +----+----+----+----+----+----+----+----+
3 |    |    |    |    |    |    |    |    |  3th rank
  +----+----+----+----+----+----+----+----+
2 |  P |  P |  P |  P |  P |  P |  P |  P |  2th rank
  +----+----+----+----+----+----+----+----+
1 |  R |  N |  B |  Q |  K |  B |  N |  R |  1th rank
  +----+----+----+----+----+----+----+----+
     A    B    C    D    E    F    G    H - file(s)

Updated Bitboards: 
     A    B    C    D    E    F    G    H
  +----+----+----+----+----+----+----+----+
8 |  r |  n |    |    |  k |  b |    |  r |  8th rank
  +----+----+----+----+----+----+----+----+
7 |  p |  p |    |    |  p |  p |    |  p |  7th rank
  +----+----+----+----+----+----+----+----+
6 |    |    |    |  p |    |    |  p |    |  6th rank
  +----+----+----+----+----+----+----+----+
5 |    |    |    |  P |    |  b |    |    |  5th rank
  +----+----+----+----+----+----+----+----+
4 |    |    |  p |    |    |    |    |    |  4th rank
  +----+----+----+----+----+----+----+----+
3 |  q |  P |    |  P |    |    |    |    |  3th rank
  +----+----+----+----+----+----+----+----+
2 |  P |    |  Q |  B |  P |  P |  P |  P |  2th rank
  +----+----+----+----+----+----+----+----+
1 |    |    |    |  R |  K |  B |  N |  R |  1th rank
  +----+----+----+----+----+----+----+----+
     A    B    C    D    E    F    G    H - file(s)

]]></system-out>
  </testcase>
</testsuite>